

Processing MoviesController#index (for 127.0.0.1 at 2012-03-28 22:02:12) [GET]
  Session ID: 5e4479819ed6a3939cfc44bb0a471122
  Parameters: {"action"=>"index", "controller"=>"movies"}
  [4;36;1mMovie Load (0.000000)[0m   [0;1mSQLite3::SQLException: no such table: movies: SELECT * FROM movies [0m


ActiveRecord::StatementInvalid (SQLite3::SQLException: no such table: movies: SELECT * FROM movies   ):
    C:/InstantRails-2.0-win/ruby/lib/ruby/gems/1.8/gems/activerecord-2.0.2/lib/active_record/connection_adapters/abstract_adapter.rb:150:in `log'
    C:/InstantRails-2.0-win/ruby/lib/ruby/gems/1.8/gems/activerecord-2.0.2/lib/active_record/connection_adapters/sqlite_adapter.rb:132:in `execute'
    C:/InstantRails-2.0-win/ruby/lib/ruby/gems/1.8/gems/activerecord-2.0.2/lib/active_record/connection_adapters/sqlite_adapter.rb:345:in `catch_schema_changes'
    C:/InstantRails-2.0-win/ruby/lib/ruby/gems/1.8/gems/activerecord-2.0.2/lib/active_record/connection_adapters/sqlite_adapter.rb:132:in `execute'
    C:/InstantRails-2.0-win/ruby/lib/ruby/gems/1.8/gems/activerecord-2.0.2/lib/active_record/connection_adapters/sqlite_adapter.rb:256:in `select'
    C:/InstantRails-2.0-win/ruby/lib/ruby/gems/1.8/gems/activerecord-2.0.2/lib/active_record/connection_adapters/abstract/database_statements.rb:7:in `select_all_without_query_cache'
    C:/InstantRails-2.0-win/ruby/lib/ruby/gems/1.8/gems/activerecord-2.0.2/lib/active_record/connection_adapters/abstract/query_cache.rb:53:in `select_all'
    C:/InstantRails-2.0-win/ruby/lib/ruby/gems/1.8/gems/activerecord-2.0.2/lib/active_record/connection_adapters/abstract/query_cache.rb:74:in `cache_sql'
    C:/InstantRails-2.0-win/ruby/lib/ruby/gems/1.8/gems/activerecord-2.0.2/lib/active_record/connection_adapters/abstract/query_cache.rb:53:in `select_all'
    C:/InstantRails-2.0-win/ruby/lib/ruby/gems/1.8/gems/activerecord-2.0.2/lib/active_record/base.rb:532:in `find_by_sql'
    C:/InstantRails-2.0-win/ruby/lib/ruby/gems/1.8/gems/activerecord-2.0.2/lib/active_record/base.rb:1233:in `find_every'
    C:/InstantRails-2.0-win/ruby/lib/ruby/gems/1.8/gems/activerecord-2.0.2/lib/active_record/base.rb:503:in `find'
    /app/controllers/movies_controller.rb:5:in `index'
    C:/InstantRails-2.0-win/ruby/lib/ruby/gems/1.8/gems/actionpack-2.0.2/lib/action_controller/base.rb:1158:in `send'
    C:/InstantRails-2.0-win/ruby/lib/ruby/gems/1.8/gems/actionpack-2.0.2/lib/action_controller/base.rb:1158:in `perform_action_without_filters'
    C:/InstantRails-2.0-win/ruby/lib/ruby/gems/1.8/gems/actionpack-2.0.2/lib/action_controller/filters.rb:697:in `call_filters'
    C:/InstantRails-2.0-win/ruby/lib/ruby/gems/1.8/gems/actionpack-2.0.2/lib/action_controller/filters.rb:689:in `perform_action_without_benchmark'
    C:/InstantRails-2.0-win/ruby/lib/ruby/gems/1.8/gems/actionpack-2.0.2/lib/action_controller/benchmarking.rb:68:in `perform_action_without_rescue'
    C:/InstantRails-2.0-win/ruby/lib/ruby/1.8/benchmark.rb:293:in `measure'
    C:/InstantRails-2.0-win/ruby/lib/ruby/gems/1.8/gems/actionpack-2.0.2/lib/action_controller/benchmarking.rb:68:in `perform_action_without_rescue'
    C:/InstantRails-2.0-win/ruby/lib/ruby/gems/1.8/gems/actionpack-2.0.2/lib/action_controller/rescue.rb:199:in `perform_action_without_caching'
    C:/InstantRails-2.0-win/ruby/lib/ruby/gems/1.8/gems/actionpack-2.0.2/lib/action_controller/caching.rb:678:in `perform_action'
    C:/InstantRails-2.0-win/ruby/lib/ruby/gems/1.8/gems/activerecord-2.0.2/lib/active_record/connection_adapters/abstract/query_cache.rb:33:in `cache'
    C:/InstantRails-2.0-win/ruby/lib/ruby/gems/1.8/gems/activerecord-2.0.2/lib/active_record/query_cache.rb:8:in `cache'
    C:/InstantRails-2.0-win/ruby/lib/ruby/gems/1.8/gems/actionpack-2.0.2/lib/action_controller/caching.rb:677:in `perform_action'
    C:/InstantRails-2.0-win/ruby/lib/ruby/gems/1.8/gems/actionpack-2.0.2/lib/action_controller/base.rb:524:in `send'
    C:/InstantRails-2.0-win/ruby/lib/ruby/gems/1.8/gems/actionpack-2.0.2/lib/action_controller/base.rb:524:in `process_without_filters'
    C:/InstantRails-2.0-win/ruby/lib/ruby/gems/1.8/gems/actionpack-2.0.2/lib/action_controller/filters.rb:685:in `process_without_session_management_support'
    C:/InstantRails-2.0-win/ruby/lib/ruby/gems/1.8/gems/actionpack-2.0.2/lib/action_controller/session_management.rb:123:in `process'
    C:/InstantRails-2.0-win/ruby/lib/ruby/gems/1.8/gems/actionpack-2.0.2/lib/action_controller/base.rb:388:in `process'
    C:/InstantRails-2.0-win/ruby/lib/ruby/gems/1.8/gems/actionpack-2.0.2/lib/action_controller/dispatcher.rb:171:in `handle_request'
    C:/InstantRails-2.0-win/ruby/lib/ruby/gems/1.8/gems/actionpack-2.0.2/lib/action_controller/dispatcher.rb:115:in `dispatch'
    C:/InstantRails-2.0-win/ruby/lib/ruby/gems/1.8/gems/actionpack-2.0.2/lib/action_controller/dispatcher.rb:126:in `dispatch_cgi'
    C:/InstantRails-2.0-win/ruby/lib/ruby/gems/1.8/gems/actionpack-2.0.2/lib/action_controller/dispatcher.rb:9:in `dispatch'
    C:/InstantRails-2.0-win/ruby/lib/ruby/gems/1.8/gems/mongrel-1.1.2-x86-mswin32/bin/../lib/mongrel/rails.rb:76:in `process'
    C:/InstantRails-2.0-win/ruby/lib/ruby/gems/1.8/gems/mongrel-1.1.2-x86-mswin32/bin/../lib/mongrel/rails.rb:74:in `synchronize'
    C:/InstantRails-2.0-win/ruby/lib/ruby/gems/1.8/gems/mongrel-1.1.2-x86-mswin32/bin/../lib/mongrel/rails.rb:74:in `process'
    C:/InstantRails-2.0-win/ruby/lib/ruby/gems/1.8/gems/mongrel-1.1.2-x86-mswin32/lib/mongrel.rb:159:in `process_client'
    C:/InstantRails-2.0-win/ruby/lib/ruby/gems/1.8/gems/mongrel-1.1.2-x86-mswin32/lib/mongrel.rb:158:in `each'
    C:/InstantRails-2.0-win/ruby/lib/ruby/gems/1.8/gems/mongrel-1.1.2-x86-mswin32/lib/mongrel.rb:158:in `process_client'
    C:/InstantRails-2.0-win/ruby/lib/ruby/gems/1.8/gems/mongrel-1.1.2-x86-mswin32/lib/mongrel.rb:285:in `run'
    C:/InstantRails-2.0-win/ruby/lib/ruby/gems/1.8/gems/mongrel-1.1.2-x86-mswin32/lib/mongrel.rb:285:in `initialize'
    C:/InstantRails-2.0-win/ruby/lib/ruby/gems/1.8/gems/mongrel-1.1.2-x86-mswin32/lib/mongrel.rb:285:in `new'
    C:/InstantRails-2.0-win/ruby/lib/ruby/gems/1.8/gems/mongrel-1.1.2-x86-mswin32/lib/mongrel.rb:285:in `run'
    C:/InstantRails-2.0-win/ruby/lib/ruby/gems/1.8/gems/mongrel-1.1.2-x86-mswin32/lib/mongrel.rb:268:in `initialize'
    C:/InstantRails-2.0-win/ruby/lib/ruby/gems/1.8/gems/mongrel-1.1.2-x86-mswin32/lib/mongrel.rb:268:in `new'
    C:/InstantRails-2.0-win/ruby/lib/ruby/gems/1.8/gems/mongrel-1.1.2-x86-mswin32/lib/mongrel.rb:268:in `run'
    C:/InstantRails-2.0-win/ruby/lib/ruby/gems/1.8/gems/mongrel-1.1.2-x86-mswin32/lib/mongrel/configurator.rb:282:in `run'
    C:/InstantRails-2.0-win/ruby/lib/ruby/gems/1.8/gems/mongrel-1.1.2-x86-mswin32/lib/mongrel/configurator.rb:281:in `each'
    C:/InstantRails-2.0-win/ruby/lib/ruby/gems/1.8/gems/mongrel-1.1.2-x86-mswin32/lib/mongrel/configurator.rb:281:in `run'
    C:/InstantRails-2.0-win/ruby/lib/ruby/gems/1.8/gems/mongrel-1.1.2-x86-mswin32/bin/mongrel_rails:128:in `run'
    C:/InstantRails-2.0-win/ruby/lib/ruby/gems/1.8/gems/mongrel-1.1.2-x86-mswin32/lib/mongrel/command.rb:212:in `run'
    C:/InstantRails-2.0-win/ruby/lib/ruby/gems/1.8/gems/mongrel-1.1.2-x86-mswin32/bin/mongrel_rails:281
    C:/InstantRails-2.0-win/ruby/lib/ruby/gems/1.8/gems/activesupport-2.0.2/lib/active_support/dependencies.rb:489:in `load'
    C:/InstantRails-2.0-win/ruby/lib/ruby/gems/1.8/gems/activesupport-2.0.2/lib/active_support/dependencies.rb:489:in `load'
    C:/InstantRails-2.0-win/ruby/lib/ruby/gems/1.8/gems/activesupport-2.0.2/lib/active_support/dependencies.rb:342:in `new_constants_in'
    C:/InstantRails-2.0-win/ruby/lib/ruby/gems/1.8/gems/activesupport-2.0.2/lib/active_support/dependencies.rb:489:in `load'
    C:/InstantRails-2.0-win/ruby/lib/ruby/gems/1.8/gems/rails-2.0.2/lib/commands/servers/mongrel.rb:64
    C:/InstantRails-2.0-win/ruby/lib/ruby/site_ruby/1.8/rubygems/custom_require.rb:27:in `gem_original_require'
    C:/InstantRails-2.0-win/ruby/lib/ruby/site_ruby/1.8/rubygems/custom_require.rb:27:in `require'
    C:/InstantRails-2.0-win/ruby/lib/ruby/gems/1.8/gems/activesupport-2.0.2/lib/active_support/dependencies.rb:496:in `require'
    C:/InstantRails-2.0-win/ruby/lib/ruby/gems/1.8/gems/activesupport-2.0.2/lib/active_support/dependencies.rb:342:in `new_constants_in'
    C:/InstantRails-2.0-win/ruby/lib/ruby/gems/1.8/gems/activesupport-2.0.2/lib/active_support/dependencies.rb:496:in `require'
    C:/InstantRails-2.0-win/ruby/lib/ruby/gems/1.8/gems/rails-2.0.2/lib/commands/server.rb:39
    C:/InstantRails-2.0-win/ruby/lib/ruby/site_ruby/1.8/rubygems/custom_require.rb:27:in `gem_original_require'
    C:/InstantRails-2.0-win/ruby/lib/ruby/site_ruby/1.8/rubygems/custom_require.rb:27:in `require'
    script/server:3

Rendering C:/InstantRails-2.0-win/ruby/lib/ruby/gems/1.8/gems/actionpack-2.0.2/lib/action_controller/templates/rescues/layout.erb (internal_server_error)
  [4;36;1mSQL (0.000000)[0m   [0;1mselect sqlite_version(*)[0m
  [4;35;1mSQL (0.003000)[0m   [0mCREATE TABLE schema_info (version integer)[0m
  [4;36;1mSQL (0.004000)[0m   [0;1mINSERT INTO schema_info (version) VALUES(0)[0m
  [4;35;1mSQL (0.000000)[0m   [0mSQLite3::SQLException: table schema_info already exists: CREATE TABLE schema_info (version integer)[0m
  [4;36;1mSQL (0.000000)[0m   [0;1mSELECT version FROM schema_info[0m
Migrating to CreateMovies (1)
  [4;35;1mSQL (0.003000)[0m   [0mCREATE TABLE movies ("id" INTEGER PRIMARY KEY AUTOINCREMENT NOT NULL, "title" varchar(255) DEFAULT NULL, "description" text DEFAULT NULL, "one_sheet_url" varchar(255) DEFAULT NULL, "created_at" datetime DEFAULT NULL, "updated_at" datetime DEFAULT NULL) [0m
  [4;36;1mSQL (0.003000)[0m   [0;1mUPDATE schema_info SET version = 1[0m
  [4;35;1mSQL (0.000000)[0m   [0mSELECT * FROM schema_info[0m
  [4;36;1mSQL (0.000000)[0m   [0;1m SELECT name
 FROM sqlite_master
 WHERE type = 'table' AND NOT name = 'sqlite_sequence'
[0m
  [4;35;1mSQL (0.000000)[0m   [0mPRAGMA index_list(movies)[0m


Processing MoviesController#index (for 127.0.0.1 at 2012-03-28 22:05:09) [GET]
  Session ID: BAh7BiIKZmxhc2hJQzonQWN0aW9uQ29udHJvbGxlcjo6Rmxhc2g6OkZsYXNo%0ASGFzaHsABjoKQHVzZWR7AA%3D%3D--1adeacd199e2cefc51e486c0d66059fe49c04d9d
  Parameters: {"action"=>"index", "controller"=>"movies"}
  [4;36;1mMovie Load (0.000000)[0m   [0;1mSELECT * FROM movies [0m
Rendering template within layouts/movies
Rendering movies/index
Completed in 0.01100 (90 reqs/sec) | Rendering: 0.00500 (45%) | DB: 0.00000 (0%) | 200 OK [http://127.0.0.1/movies]


Processing MoviesController#index (for 127.0.0.1 at 2012-03-29 10:23:27) [GET]
  Session ID: BAh7BiIKZmxhc2hJQzonQWN0aW9uQ29udHJvbGxlcjo6Rmxhc2g6OkZsYXNo%0ASGFzaHsABjoKQHVzZWR7AA%3D%3D--1adeacd199e2cefc51e486c0d66059fe49c04d9d
  Parameters: {"action"=>"index", "controller"=>"movies"}
  [4;36;1mMovie Load (0.000000)[0m   [0;1mSELECT * FROM movies [0m
Rendering template within layouts/movies
Rendering movies/index
Completed in 0.01500 (66 reqs/sec) | Rendering: 0.01500 (100%) | DB: 0.00000 (0%) | 200 OK [http://127.0.0.1/movies]


Processing MoviesController#index (for 127.0.0.1 at 2012-03-29 16:31:26) [GET]
  Session ID: BAh7BiIKZmxhc2hJQzonQWN0aW9uQ29udHJvbGxlcjo6Rmxhc2g6OkZsYXNo%0ASGFzaHsABjoKQHVzZWR7AA%3D%3D--1adeacd199e2cefc51e486c0d66059fe49c04d9d
  Parameters: {"action"=>"index", "controller"=>"movies"}
  [4;35;1mMovie Load (0.000000)[0m   [0mSELECT * FROM movies [0m
Rendering template within layouts/movies
Rendering movies/index
Completed in 0.01600 (62 reqs/sec) | Rendering: 0.00000 (0%) | DB: 0.00000 (0%) | 200 OK [http://127.0.0.1/movies]


Processing MoviesController#index (for 127.0.0.1 at 2012-03-30 11:28:01) [GET]
  Session ID: BAh7BiIKZmxhc2hJQzonQWN0aW9uQ29udHJvbGxlcjo6Rmxhc2g6OkZsYXNo%0ASGFzaHsABjoKQHVzZWR7AA%3D%3D--1adeacd199e2cefc51e486c0d66059fe49c04d9d
  Parameters: {"action"=>"index", "controller"=>"movies"}
  [4;36;1mMovie Load (0.000000)[0m   [0;1mSELECT * FROM movies [0m
Rendering template within layouts/movies
Rendering movies/index
Completed in 0.01000 (100 reqs/sec) | Rendering: 0.00000 (0%) | DB: 0.00000 (0%) | 200 OK [http://127.0.0.1/movies]


Processing MoviesController#new (for 127.0.0.1 at 2012-03-30 11:28:06) [GET]
  Session ID: BAh7BiIKZmxhc2hJQzonQWN0aW9uQ29udHJvbGxlcjo6Rmxhc2g6OkZsYXNo%0ASGFzaHsABjoKQHVzZWR7AA%3D%3D--1adeacd199e2cefc51e486c0d66059fe49c04d9d
  Parameters: {"action"=>"new", "controller"=>"movies"}
Rendering template within layouts/movies
Rendering movies/new
Completed in 0.02000 (50 reqs/sec) | Rendering: 0.01000 (50%) | DB: 0.00000 (0%) | 200 OK [http://127.0.0.1/movies/new]


Processing MoviesController#create (for 127.0.0.1 at 2012-03-30 11:37:12) [POST]
  Session ID: BAh7BzoMY3NyZl9pZCIlMTM1ZTkxZWM3ZGQ1NGVjNWQ2YWNkMDRkMmY3YTE1%0AYWYiCmZsYXNoSUM6J0FjdGlvbkNvbnRyb2xsZXI6OkZsYXNoOjpGbGFzaEhh%0Ac2h7AAY6CkB1c2VkewA%3D--0ade6b13c505f249d98d147df9da7b0b03e495ca
  Parameters: {"commit"=>"Create", "authenticity_token"=>"eb8757d082f9705f6b059cf713e427ec395a6fc8", "action"=>"create", "movie"=>{"one_sheet_url"=>"BHT1", "title"=>"Bubba Betep", "description"=>"Made in africa"}, "controller"=>"movies"}
  [4;35;1mMovie Create (0.000000)[0m   [0mINSERT INTO movies ("one_sheet_url", "updated_at", "title", "description", "created_at") VALUES('BHT1', '2012-03-30 11:37:12', 'Bubba Betep', 'Made in africa', '2012-03-30 11:37:12')[0m
Redirected to http://127.0.0.1:3000/movies/1
Completed in 0.01000 (100 reqs/sec) | DB: 0.00000 (0%) | 302 Found [http://127.0.0.1/movies]


Processing MoviesController#show (for 127.0.0.1 at 2012-03-30 11:37:12) [GET]
  Session ID: BAh7BzoMY3NyZl9pZCIlMTM1ZTkxZWM3ZGQ1NGVjNWQ2YWNkMDRkMmY3YTE1%0AYWYiCmZsYXNoSUM6J0FjdGlvbkNvbnRyb2xsZXI6OkZsYXNoOjpGbGFzaEhh%0Ac2h7BjoLbm90aWNlIiRNb3ZpZSB3YXMgc3VjY2Vzc2Z1bGx5IGNyZWF0ZWQu%0ABjoKQHVzZWR7BjsHVA%3D%3D--2e6a8b22a6669f5824420f8af915c197ad0d3783
  Parameters: {"action"=>"show", "id"=>"1", "controller"=>"movies"}
  [4;36;1mMovie Load (0.000000)[0m   [0;1mSELECT * FROM movies WHERE (movies."id" = 1) [0m
Rendering template within layouts/movies
Rendering movies/show
Completed in 0.02000 (50 reqs/sec) | Rendering: 0.01000 (50%) | DB: 0.00000 (0%) | 200 OK [http://127.0.0.1/movies/1]


Processing MoviesController#show (for 127.0.0.1 at 2012-03-30 11:38:40) [GET]
  Session ID: BAh7BzoMY3NyZl9pZCIlMTM1ZTkxZWM3ZGQ1NGVjNWQ2YWNkMDRkMmY3YTE1%0AYWYiCmZsYXNoSUM6J0FjdGlvbkNvbnRyb2xsZXI6OkZsYXNoOjpGbGFzaEhh%0Ac2h7AAY6CkB1c2VkewA%3D--0ade6b13c505f249d98d147df9da7b0b03e495ca
  Parameters: {"action"=>"show", "id"=>"1", "controller"=>"movies"}
  [4;35;1mMovie Load (0.000000)[0m   [0mSELECT * FROM movies WHERE (movies."id" = 1) [0m
Rendering template within layouts/movies
Rendering movies/show
Completed in 0.01000 (100 reqs/sec) | Rendering: 0.00000 (0%) | DB: 0.00000 (0%) | 200 OK [http://127.0.0.1/movies/1]


Processing MoviesController#index (for 127.0.0.1 at 2012-03-30 11:53:25) [GET]
  Session ID: BAh7BzoMY3NyZl9pZCIlMTM1ZTkxZWM3ZGQ1NGVjNWQ2YWNkMDRkMmY3YTE1%0AYWYiCmZsYXNoSUM6J0FjdGlvbkNvbnRyb2xsZXI6OkZsYXNoOjpGbGFzaEhh%0Ac2h7AAY6CkB1c2VkewA%3D--0ade6b13c505f249d98d147df9da7b0b03e495ca
  Parameters: {"action"=>"index", "controller"=>"movies"}
  [4;36;1mMovie Load (0.000000)[0m   [0;1mSELECT * FROM movies [0m
Rendering template within layouts/movies
Rendering movies/index
Completed in 0.01000 (100 reqs/sec) | Rendering: 0.01000 (100%) | DB: 0.00000 (0%) | 200 OK [http://127.0.0.1/movies/]


Processing MoviesController#show (for 127.0.0.1 at 2012-03-30 11:53:25) [GET]
  Session ID: BAh7BzoMY3NyZl9pZCIlMTM1ZTkxZWM3ZGQ1NGVjNWQ2YWNkMDRkMmY3YTE1%0AYWYiCmZsYXNoSUM6J0FjdGlvbkNvbnRyb2xsZXI6OkZsYXNoOjpGbGFzaEhh%0Ac2h7AAY6CkB1c2VkewA%3D--0ade6b13c505f249d98d147df9da7b0b03e495ca
  Parameters: {"action"=>"show", "id"=>"BHT1", "controller"=>"movies"}
  [4;35;1mMovie Load (0.000000)[0m   [0mSELECT * FROM movies WHERE (movies."id" = 0) [0m


ActiveRecord::RecordNotFound (Couldn't find Movie with ID=BHT1):
    C:/InstantRails-2.0-win/ruby/lib/ruby/gems/1.8/gems/activerecord-2.0.2/lib/active_record/base.rb:1267:in `find_one'
    C:/InstantRails-2.0-win/ruby/lib/ruby/gems/1.8/gems/activerecord-2.0.2/lib/active_record/base.rb:1250:in `find_from_ids'
    C:/InstantRails-2.0-win/ruby/lib/ruby/gems/1.8/gems/activerecord-2.0.2/lib/active_record/base.rb:504:in `find'
    /app/controllers/movies_controller.rb:16:in `show'
    C:/InstantRails-2.0-win/ruby/lib/ruby/gems/1.8/gems/actionpack-2.0.2/lib/action_controller/base.rb:1158:in `send'
    C:/InstantRails-2.0-win/ruby/lib/ruby/gems/1.8/gems/actionpack-2.0.2/lib/action_controller/base.rb:1158:in `perform_action_without_filters'
    C:/InstantRails-2.0-win/ruby/lib/ruby/gems/1.8/gems/actionpack-2.0.2/lib/action_controller/filters.rb:697:in `call_filters'
    C:/InstantRails-2.0-win/ruby/lib/ruby/gems/1.8/gems/actionpack-2.0.2/lib/action_controller/filters.rb:689:in `perform_action_without_benchmark'
    C:/InstantRails-2.0-win/ruby/lib/ruby/gems/1.8/gems/actionpack-2.0.2/lib/action_controller/benchmarking.rb:68:in `perform_action_without_rescue'
    C:/InstantRails-2.0-win/ruby/lib/ruby/1.8/benchmark.rb:293:in `measure'
    C:/InstantRails-2.0-win/ruby/lib/ruby/gems/1.8/gems/actionpack-2.0.2/lib/action_controller/benchmarking.rb:68:in `perform_action_without_rescue'
    C:/InstantRails-2.0-win/ruby/lib/ruby/gems/1.8/gems/actionpack-2.0.2/lib/action_controller/rescue.rb:199:in `perform_action_without_caching'
    C:/InstantRails-2.0-win/ruby/lib/ruby/gems/1.8/gems/actionpack-2.0.2/lib/action_controller/caching.rb:678:in `perform_action'
    C:/InstantRails-2.0-win/ruby/lib/ruby/gems/1.8/gems/activerecord-2.0.2/lib/active_record/connection_adapters/abstract/query_cache.rb:33:in `cache'
    C:/InstantRails-2.0-win/ruby/lib/ruby/gems/1.8/gems/activerecord-2.0.2/lib/active_record/query_cache.rb:8:in `cache'
    C:/InstantRails-2.0-win/ruby/lib/ruby/gems/1.8/gems/actionpack-2.0.2/lib/action_controller/caching.rb:677:in `perform_action'
    C:/InstantRails-2.0-win/ruby/lib/ruby/gems/1.8/gems/actionpack-2.0.2/lib/action_controller/base.rb:524:in `send'
    C:/InstantRails-2.0-win/ruby/lib/ruby/gems/1.8/gems/actionpack-2.0.2/lib/action_controller/base.rb:524:in `process_without_filters'
    C:/InstantRails-2.0-win/ruby/lib/ruby/gems/1.8/gems/actionpack-2.0.2/lib/action_controller/filters.rb:685:in `process_without_session_management_support'
    C:/InstantRails-2.0-win/ruby/lib/ruby/gems/1.8/gems/actionpack-2.0.2/lib/action_controller/session_management.rb:123:in `process'
    C:/InstantRails-2.0-win/ruby/lib/ruby/gems/1.8/gems/actionpack-2.0.2/lib/action_controller/base.rb:388:in `process'
    C:/InstantRails-2.0-win/ruby/lib/ruby/gems/1.8/gems/actionpack-2.0.2/lib/action_controller/dispatcher.rb:171:in `handle_request'
    C:/InstantRails-2.0-win/ruby/lib/ruby/gems/1.8/gems/actionpack-2.0.2/lib/action_controller/dispatcher.rb:115:in `dispatch'
    C:/InstantRails-2.0-win/ruby/lib/ruby/gems/1.8/gems/actionpack-2.0.2/lib/action_controller/dispatcher.rb:126:in `dispatch_cgi'
    C:/InstantRails-2.0-win/ruby/lib/ruby/gems/1.8/gems/actionpack-2.0.2/lib/action_controller/dispatcher.rb:9:in `dispatch'
    C:/InstantRails-2.0-win/ruby/lib/ruby/gems/1.8/gems/rails-2.0.2/lib/webrick_server.rb:112:in `handle_dispatch'
    C:/InstantRails-2.0-win/ruby/lib/ruby/gems/1.8/gems/rails-2.0.2/lib/webrick_server.rb:78:in `service'
    C:/InstantRails-2.0-win/ruby/lib/ruby/1.8/webrick/httpserver.rb:104:in `service'
    C:/InstantRails-2.0-win/ruby/lib/ruby/1.8/webrick/httpserver.rb:65:in `run'
    C:/InstantRails-2.0-win/ruby/lib/ruby/1.8/webrick/server.rb:173:in `start_thread'
    C:/InstantRails-2.0-win/ruby/lib/ruby/1.8/webrick/server.rb:162:in `start'
    C:/InstantRails-2.0-win/ruby/lib/ruby/1.8/webrick/server.rb:162:in `start_thread'
    C:/InstantRails-2.0-win/ruby/lib/ruby/1.8/webrick/server.rb:95:in `start'
    C:/InstantRails-2.0-win/ruby/lib/ruby/1.8/webrick/server.rb:92:in `each'
    C:/InstantRails-2.0-win/ruby/lib/ruby/1.8/webrick/server.rb:92:in `start'
    C:/InstantRails-2.0-win/ruby/lib/ruby/1.8/webrick/server.rb:23:in `start'
    C:/InstantRails-2.0-win/ruby/lib/ruby/1.8/webrick/server.rb:82:in `start'
    C:/InstantRails-2.0-win/ruby/lib/ruby/gems/1.8/gems/rails-2.0.2/lib/webrick_server.rb:62:in `dispatch'
    C:/InstantRails-2.0-win/ruby/lib/ruby/gems/1.8/gems/rails-2.0.2/lib/commands/servers/webrick.rb:66
    C:/InstantRails-2.0-win/ruby/lib/ruby/site_ruby/1.8/rubygems/custom_require.rb:27:in `gem_original_require'
    C:/InstantRails-2.0-win/ruby/lib/ruby/site_ruby/1.8/rubygems/custom_require.rb:27:in `require'
    C:/InstantRails-2.0-win/ruby/lib/ruby/gems/1.8/gems/activesupport-2.0.2/lib/active_support/dependencies.rb:496:in `require'
    C:/InstantRails-2.0-win/ruby/lib/ruby/gems/1.8/gems/activesupport-2.0.2/lib/active_support/dependencies.rb:342:in `new_constants_in'
    C:/InstantRails-2.0-win/ruby/lib/ruby/gems/1.8/gems/activesupport-2.0.2/lib/active_support/dependencies.rb:496:in `require'
    C:/InstantRails-2.0-win/ruby/lib/ruby/gems/1.8/gems/rails-2.0.2/lib/commands/server.rb:39
    C:/InstantRails-2.0-win/ruby/lib/ruby/site_ruby/1.8/rubygems/custom_require.rb:27:in `gem_original_require'
    C:/InstantRails-2.0-win/ruby/lib/ruby/site_ruby/1.8/rubygems/custom_require.rb:27:in `require'
    script/server:3

Rendering C:/InstantRails-2.0-win/ruby/lib/ruby/gems/1.8/gems/actionpack-2.0.2/lib/action_controller/templates/rescues/layout.erb (not_found)


Processing MoviesController#index (for 127.0.0.1 at 2012-03-30 11:54:51) [GET]
  Session ID: BAh7BzoMY3NyZl9pZCIlMTM1ZTkxZWM3ZGQ1NGVjNWQ2YWNkMDRkMmY3YTE1%0AYWYiCmZsYXNoSUM6J0FjdGlvbkNvbnRyb2xsZXI6OkZsYXNoOjpGbGFzaEhh%0Ac2h7AAY6CkB1c2VkewA%3D--0ade6b13c505f249d98d147df9da7b0b03e495ca
  Parameters: {"action"=>"index", "controller"=>"movies"}
  [4;36;1mMovie Load (0.000000)[0m   [0;1mSELECT * FROM movies [0m
Rendering template within layouts/movies
Rendering movies/index
Completed in 0.02000 (50 reqs/sec) | Rendering: 0.01000 (50%) | DB: 0.00000 (0%) | 200 OK [http://127.0.0.1/movies/]


Processing MoviesController#show (for 127.0.0.1 at 2012-03-30 11:54:51) [GET]
  Session ID: BAh7BzoMY3NyZl9pZCIlMTM1ZTkxZWM3ZGQ1NGVjNWQ2YWNkMDRkMmY3YTE1%0AYWYiCmZsYXNoSUM6J0FjdGlvbkNvbnRyb2xsZXI6OkZsYXNoOjpGbGFzaEhh%0Ac2h7AAY6CkB1c2VkewA%3D--0ade6b13c505f249d98d147df9da7b0b03e495ca
  Parameters: {"action"=>"show", "id"=>"BHT1", "controller"=>"movies"}
  [4;35;1mMovie Load (0.000000)[0m   [0mSELECT * FROM movies WHERE (movies."id" = 0) [0m


ActiveRecord::RecordNotFound (Couldn't find Movie with ID=BHT1):
    C:/InstantRails-2.0-win/ruby/lib/ruby/gems/1.8/gems/activerecord-2.0.2/lib/active_record/base.rb:1267:in `find_one'
    C:/InstantRails-2.0-win/ruby/lib/ruby/gems/1.8/gems/activerecord-2.0.2/lib/active_record/base.rb:1250:in `find_from_ids'
    C:/InstantRails-2.0-win/ruby/lib/ruby/gems/1.8/gems/activerecord-2.0.2/lib/active_record/base.rb:504:in `find'
    /app/controllers/movies_controller.rb:16:in `show'
    C:/InstantRails-2.0-win/ruby/lib/ruby/gems/1.8/gems/actionpack-2.0.2/lib/action_controller/base.rb:1158:in `send'
    C:/InstantRails-2.0-win/ruby/lib/ruby/gems/1.8/gems/actionpack-2.0.2/lib/action_controller/base.rb:1158:in `perform_action_without_filters'
    C:/InstantRails-2.0-win/ruby/lib/ruby/gems/1.8/gems/actionpack-2.0.2/lib/action_controller/filters.rb:697:in `call_filters'
    C:/InstantRails-2.0-win/ruby/lib/ruby/gems/1.8/gems/actionpack-2.0.2/lib/action_controller/filters.rb:689:in `perform_action_without_benchmark'
    C:/InstantRails-2.0-win/ruby/lib/ruby/gems/1.8/gems/actionpack-2.0.2/lib/action_controller/benchmarking.rb:68:in `perform_action_without_rescue'
    C:/InstantRails-2.0-win/ruby/lib/ruby/1.8/benchmark.rb:293:in `measure'
    C:/InstantRails-2.0-win/ruby/lib/ruby/gems/1.8/gems/actionpack-2.0.2/lib/action_controller/benchmarking.rb:68:in `perform_action_without_rescue'
    C:/InstantRails-2.0-win/ruby/lib/ruby/gems/1.8/gems/actionpack-2.0.2/lib/action_controller/rescue.rb:199:in `perform_action_without_caching'
    C:/InstantRails-2.0-win/ruby/lib/ruby/gems/1.8/gems/actionpack-2.0.2/lib/action_controller/caching.rb:678:in `perform_action'
    C:/InstantRails-2.0-win/ruby/lib/ruby/gems/1.8/gems/activerecord-2.0.2/lib/active_record/connection_adapters/abstract/query_cache.rb:33:in `cache'
    C:/InstantRails-2.0-win/ruby/lib/ruby/gems/1.8/gems/activerecord-2.0.2/lib/active_record/query_cache.rb:8:in `cache'
    C:/InstantRails-2.0-win/ruby/lib/ruby/gems/1.8/gems/actionpack-2.0.2/lib/action_controller/caching.rb:677:in `perform_action'
    C:/InstantRails-2.0-win/ruby/lib/ruby/gems/1.8/gems/actionpack-2.0.2/lib/action_controller/base.rb:524:in `send'
    C:/InstantRails-2.0-win/ruby/lib/ruby/gems/1.8/gems/actionpack-2.0.2/lib/action_controller/base.rb:524:in `process_without_filters'
    C:/InstantRails-2.0-win/ruby/lib/ruby/gems/1.8/gems/actionpack-2.0.2/lib/action_controller/filters.rb:685:in `process_without_session_management_support'
    C:/InstantRails-2.0-win/ruby/lib/ruby/gems/1.8/gems/actionpack-2.0.2/lib/action_controller/session_management.rb:123:in `process'
    C:/InstantRails-2.0-win/ruby/lib/ruby/gems/1.8/gems/actionpack-2.0.2/lib/action_controller/base.rb:388:in `process'
    C:/InstantRails-2.0-win/ruby/lib/ruby/gems/1.8/gems/actionpack-2.0.2/lib/action_controller/dispatcher.rb:171:in `handle_request'
    C:/InstantRails-2.0-win/ruby/lib/ruby/gems/1.8/gems/actionpack-2.0.2/lib/action_controller/dispatcher.rb:115:in `dispatch'
    C:/InstantRails-2.0-win/ruby/lib/ruby/gems/1.8/gems/actionpack-2.0.2/lib/action_controller/dispatcher.rb:126:in `dispatch_cgi'
    C:/InstantRails-2.0-win/ruby/lib/ruby/gems/1.8/gems/actionpack-2.0.2/lib/action_controller/dispatcher.rb:9:in `dispatch'
    C:/InstantRails-2.0-win/ruby/lib/ruby/gems/1.8/gems/rails-2.0.2/lib/webrick_server.rb:112:in `handle_dispatch'
    C:/InstantRails-2.0-win/ruby/lib/ruby/gems/1.8/gems/rails-2.0.2/lib/webrick_server.rb:78:in `service'
    C:/InstantRails-2.0-win/ruby/lib/ruby/1.8/webrick/httpserver.rb:104:in `service'
    C:/InstantRails-2.0-win/ruby/lib/ruby/1.8/webrick/httpserver.rb:65:in `run'
    C:/InstantRails-2.0-win/ruby/lib/ruby/1.8/webrick/server.rb:173:in `start_thread'
    C:/InstantRails-2.0-win/ruby/lib/ruby/1.8/webrick/server.rb:162:in `start'
    C:/InstantRails-2.0-win/ruby/lib/ruby/1.8/webrick/server.rb:162:in `start_thread'
    C:/InstantRails-2.0-win/ruby/lib/ruby/1.8/webrick/server.rb:95:in `start'
    C:/InstantRails-2.0-win/ruby/lib/ruby/1.8/webrick/server.rb:92:in `each'
    C:/InstantRails-2.0-win/ruby/lib/ruby/1.8/webrick/server.rb:92:in `start'
    C:/InstantRails-2.0-win/ruby/lib/ruby/1.8/webrick/server.rb:23:in `start'
    C:/InstantRails-2.0-win/ruby/lib/ruby/1.8/webrick/server.rb:82:in `start'
    C:/InstantRails-2.0-win/ruby/lib/ruby/gems/1.8/gems/rails-2.0.2/lib/webrick_server.rb:62:in `dispatch'
    C:/InstantRails-2.0-win/ruby/lib/ruby/gems/1.8/gems/rails-2.0.2/lib/commands/servers/webrick.rb:66
    C:/InstantRails-2.0-win/ruby/lib/ruby/site_ruby/1.8/rubygems/custom_require.rb:27:in `gem_original_require'
    C:/InstantRails-2.0-win/ruby/lib/ruby/site_ruby/1.8/rubygems/custom_require.rb:27:in `require'
    C:/InstantRails-2.0-win/ruby/lib/ruby/gems/1.8/gems/activesupport-2.0.2/lib/active_support/dependencies.rb:496:in `require'
    C:/InstantRails-2.0-win/ruby/lib/ruby/gems/1.8/gems/activesupport-2.0.2/lib/active_support/dependencies.rb:342:in `new_constants_in'
    C:/InstantRails-2.0-win/ruby/lib/ruby/gems/1.8/gems/activesupport-2.0.2/lib/active_support/dependencies.rb:496:in `require'
    C:/InstantRails-2.0-win/ruby/lib/ruby/gems/1.8/gems/rails-2.0.2/lib/commands/server.rb:39
    C:/InstantRails-2.0-win/ruby/lib/ruby/site_ruby/1.8/rubygems/custom_require.rb:27:in `gem_original_require'
    C:/InstantRails-2.0-win/ruby/lib/ruby/site_ruby/1.8/rubygems/custom_require.rb:27:in `require'
    script/server:3

Rendering C:/InstantRails-2.0-win/ruby/lib/ruby/gems/1.8/gems/actionpack-2.0.2/lib/action_controller/templates/rescues/layout.erb (not_found)


Processing MoviesController#edit (for 127.0.0.1 at 2012-03-30 13:33:15) [GET]
  Session ID: BAh7BzoMY3NyZl9pZCIlMTM1ZTkxZWM3ZGQ1NGVjNWQ2YWNkMDRkMmY3YTE1%0AYWYiCmZsYXNoSUM6J0FjdGlvbkNvbnRyb2xsZXI6OkZsYXNoOjpGbGFzaEhh%0Ac2h7AAY6CkB1c2VkewA%3D--0ade6b13c505f249d98d147df9da7b0b03e495ca
  Parameters: {"action"=>"edit", "id"=>"1", "controller"=>"movies"}
  [4;36;1mMovie Load (0.000000)[0m   [0;1mSELECT * FROM movies WHERE (movies."id" = 1) [0m
Rendering template within layouts/movies
Rendering movies/edit
Completed in 0.01600 (62 reqs/sec) | Rendering: 0.00000 (0%) | DB: 0.00000 (0%) | 200 OK [http://127.0.0.1/movies/1/edit]


Processing MoviesController#update (for 127.0.0.1 at 2012-03-30 13:50:40) [PUT]
  Session ID: BAh7BzoMY3NyZl9pZCIlMTM1ZTkxZWM3ZGQ1NGVjNWQ2YWNkMDRkMmY3YTE1%0AYWYiCmZsYXNoSUM6J0FjdGlvbkNvbnRyb2xsZXI6OkZsYXNoOjpGbGFzaEhh%0Ac2h7AAY6CkB1c2VkewA%3D--0ade6b13c505f249d98d147df9da7b0b03e495ca
  Parameters: {"commit"=>"Update", "authenticity_token"=>"eb8757d082f9705f6b059cf713e427ec395a6fc8", "_method"=>"put", "action"=>"update", "movie"=>{"one_sheet_url"=>"/images/BHT1.png", "title"=>"Bubba Betep", "description"=>"Made in africa"}, "id"=>"1", "controller"=>"movies"}
  [4;35;1mMovie Load (0.000000)[0m   [0mSELECT * FROM movies WHERE (movies."id" = 1) [0m
  [4;36;1mMovie Update (0.000000)[0m   [0;1mUPDATE movies SET "created_at" = '2012-03-30 11:37:12', "one_sheet_url" = '/images/BHT1.png', "title" = 'Bubba Betep', "description" = 'Made in africa', "updated_at" = '2012-03-30 13:50:40' WHERE "id" = 1[0m
Redirected to http://127.0.0.1:3000/movies/1
Completed in 0.01600 (62 reqs/sec) | DB: 0.00000 (0%) | 302 Found [http://127.0.0.1/movies/1]


Processing MoviesController#show (for 127.0.0.1 at 2012-03-30 13:50:40) [GET]
  Session ID: BAh7BzoMY3NyZl9pZCIlMTM1ZTkxZWM3ZGQ1NGVjNWQ2YWNkMDRkMmY3YTE1%0AYWYiCmZsYXNoSUM6J0FjdGlvbkNvbnRyb2xsZXI6OkZsYXNoOjpGbGFzaEhh%0Ac2h7BjoLbm90aWNlIiRNb3ZpZSB3YXMgc3VjY2Vzc2Z1bGx5IHVwZGF0ZWQu%0ABjoKQHVzZWR7BjsHVA%3D%3D--65929b4e3f827010861079217c6f59ae0cc0d4d0
  Parameters: {"action"=>"show", "id"=>"1", "controller"=>"movies"}
  [4;35;1mMovie Load (0.000000)[0m   [0mSELECT * FROM movies WHERE (movies."id" = 1) [0m
Rendering template within layouts/movies
Rendering movies/show
Completed in 0.01600 (62 reqs/sec) | Rendering: 0.01600 (100%) | DB: 0.00000 (0%) | 200 OK [http://127.0.0.1/movies/1]


Processing MoviesController#index (for 127.0.0.1 at 2012-03-30 13:50:49) [GET]
  Session ID: BAh7BzoMY3NyZl9pZCIlMTM1ZTkxZWM3ZGQ1NGVjNWQ2YWNkMDRkMmY3YTE1%0AYWYiCmZsYXNoSUM6J0FjdGlvbkNvbnRyb2xsZXI6OkZsYXNoOjpGbGFzaEhh%0Ac2h7AAY6CkB1c2VkewA%3D--0ade6b13c505f249d98d147df9da7b0b03e495ca
  Parameters: {"action"=>"index", "controller"=>"movies"}
  [4;36;1mMovie Load (0.000000)[0m   [0;1mSELECT * FROM movies [0m
Rendering template within layouts/movies
Rendering movies/index
Completed in 0.00010 (10000 reqs/sec) | Rendering: 0.00000 (0%) | DB: 0.00000 (0%) | 200 OK [http://127.0.0.1/movies/]


Processing ApplicationController#index (for 127.0.0.1 at 2012-03-30 13:50:49) [GET]
  Session ID: BAh7BzoMY3NyZl9pZCIlMTM1ZTkxZWM3ZGQ1NGVjNWQ2YWNkMDRkMmY3YTE1%0AYWYiCmZsYXNoSUM6J0FjdGlvbkNvbnRyb2xsZXI6OkZsYXNoOjpGbGFzaEhh%0Ac2h7AAY6CkB1c2VkewA%3D--0ade6b13c505f249d98d147df9da7b0b03e495ca
  Parameters: {}


ActionController::RoutingError (No route matches "/images/BHT1.png" with {:method=>:get}):
    C:/InstantRails-2.0-win/ruby/lib/ruby/gems/1.8/gems/actionpack-2.0.2/lib/action_controller/routing.rb:1441:in `recognize_path'
    C:/InstantRails-2.0-win/ruby/lib/ruby/gems/1.8/gems/actionpack-2.0.2/lib/action_controller/routing.rb:1424:in `recognize'
    C:/InstantRails-2.0-win/ruby/lib/ruby/gems/1.8/gems/actionpack-2.0.2/lib/action_controller/dispatcher.rb:170:in `handle_request'
    C:/InstantRails-2.0-win/ruby/lib/ruby/gems/1.8/gems/actionpack-2.0.2/lib/action_controller/dispatcher.rb:115:in `dispatch'
    C:/InstantRails-2.0-win/ruby/lib/ruby/gems/1.8/gems/actionpack-2.0.2/lib/action_controller/dispatcher.rb:126:in `dispatch_cgi'
    C:/InstantRails-2.0-win/ruby/lib/ruby/gems/1.8/gems/actionpack-2.0.2/lib/action_controller/dispatcher.rb:9:in `dispatch'
    C:/InstantRails-2.0-win/ruby/lib/ruby/gems/1.8/gems/rails-2.0.2/lib/webrick_server.rb:112:in `handle_dispatch'
    C:/InstantRails-2.0-win/ruby/lib/ruby/gems/1.8/gems/rails-2.0.2/lib/webrick_server.rb:78:in `service'
    C:/InstantRails-2.0-win/ruby/lib/ruby/1.8/webrick/httpserver.rb:104:in `service'
    C:/InstantRails-2.0-win/ruby/lib/ruby/1.8/webrick/httpserver.rb:65:in `run'
    C:/InstantRails-2.0-win/ruby/lib/ruby/1.8/webrick/server.rb:173:in `start_thread'
    C:/InstantRails-2.0-win/ruby/lib/ruby/1.8/webrick/server.rb:162:in `start'
    C:/InstantRails-2.0-win/ruby/lib/ruby/1.8/webrick/server.rb:162:in `start_thread'
    C:/InstantRails-2.0-win/ruby/lib/ruby/1.8/webrick/server.rb:95:in `start'
    C:/InstantRails-2.0-win/ruby/lib/ruby/1.8/webrick/server.rb:92:in `each'
    C:/InstantRails-2.0-win/ruby/lib/ruby/1.8/webrick/server.rb:92:in `start'
    C:/InstantRails-2.0-win/ruby/lib/ruby/1.8/webrick/server.rb:23:in `start'
    C:/InstantRails-2.0-win/ruby/lib/ruby/1.8/webrick/server.rb:82:in `start'
    C:/InstantRails-2.0-win/ruby/lib/ruby/gems/1.8/gems/rails-2.0.2/lib/webrick_server.rb:62:in `dispatch'
    C:/InstantRails-2.0-win/ruby/lib/ruby/gems/1.8/gems/rails-2.0.2/lib/commands/servers/webrick.rb:66
    C:/InstantRails-2.0-win/ruby/lib/ruby/site_ruby/1.8/rubygems/custom_require.rb:27:in `gem_original_require'
    C:/InstantRails-2.0-win/ruby/lib/ruby/site_ruby/1.8/rubygems/custom_require.rb:27:in `require'
    C:/InstantRails-2.0-win/ruby/lib/ruby/gems/1.8/gems/activesupport-2.0.2/lib/active_support/dependencies.rb:496:in `require'
    C:/InstantRails-2.0-win/ruby/lib/ruby/gems/1.8/gems/activesupport-2.0.2/lib/active_support/dependencies.rb:342:in `new_constants_in'
    C:/InstantRails-2.0-win/ruby/lib/ruby/gems/1.8/gems/activesupport-2.0.2/lib/active_support/dependencies.rb:496:in `require'
    C:/InstantRails-2.0-win/ruby/lib/ruby/gems/1.8/gems/rails-2.0.2/lib/commands/server.rb:39
    C:/InstantRails-2.0-win/ruby/lib/ruby/site_ruby/1.8/rubygems/custom_require.rb:27:in `gem_original_require'
    C:/InstantRails-2.0-win/ruby/lib/ruby/site_ruby/1.8/rubygems/custom_require.rb:27:in `require'
    script/server:3

Rendering C:/InstantRails-2.0-win/ruby/lib/ruby/gems/1.8/gems/actionpack-2.0.2/lib/action_controller/templates/rescues/layout.erb (not_found)


Processing MoviesController#edit (for 127.0.0.1 at 2012-03-30 13:51:21) [GET]
  Session ID: BAh7BzoMY3NyZl9pZCIlMTM1ZTkxZWM3ZGQ1NGVjNWQ2YWNkMDRkMmY3YTE1%0AYWYiCmZsYXNoSUM6J0FjdGlvbkNvbnRyb2xsZXI6OkZsYXNoOjpGbGFzaEhh%0Ac2h7AAY6CkB1c2VkewA%3D--0ade6b13c505f249d98d147df9da7b0b03e495ca
  Parameters: {"action"=>"edit", "id"=>"1", "controller"=>"movies"}
  [4;35;1mMovie Load (0.000000)[0m   [0mSELECT * FROM movies WHERE (movies."id" = 1) [0m
Rendering template within layouts/movies
Rendering movies/edit
Completed in 0.01600 (62 reqs/sec) | Rendering: 0.00000 (0%) | DB: 0.00000 (0%) | 200 OK [http://127.0.0.1/movies/1/edit]


Processing MoviesController#update (for 127.0.0.1 at 2012-03-30 13:51:37) [PUT]
  Session ID: BAh7BzoMY3NyZl9pZCIlMTM1ZTkxZWM3ZGQ1NGVjNWQ2YWNkMDRkMmY3YTE1%0AYWYiCmZsYXNoSUM6J0FjdGlvbkNvbnRyb2xsZXI6OkZsYXNoOjpGbGFzaEhh%0Ac2h7AAY6CkB1c2VkewA%3D--0ade6b13c505f249d98d147df9da7b0b03e495ca
  Parameters: {"commit"=>"Update", "authenticity_token"=>"eb8757d082f9705f6b059cf713e427ec395a6fc8", "_method"=>"put", "action"=>"update", "movie"=>{"one_sheet_url"=>"/images/BHT1.jpeg", "title"=>"Bubba Betep", "description"=>"Made in africa"}, "id"=>"1", "controller"=>"movies"}
  [4;36;1mMovie Load (0.000000)[0m   [0;1mSELECT * FROM movies WHERE (movies."id" = 1) [0m
  [4;35;1mMovie Update (0.000000)[0m   [0mUPDATE movies SET "created_at" = '2012-03-30 11:37:12', "one_sheet_url" = '/images/BHT1.jpeg', "title" = 'Bubba Betep', "description" = 'Made in africa', "updated_at" = '2012-03-30 13:51:37' WHERE "id" = 1[0m
Redirected to http://127.0.0.1:3000/movies/1
Completed in 0.01600 (62 reqs/sec) | DB: 0.00000 (0%) | 302 Found [http://127.0.0.1/movies/1]


Processing MoviesController#show (for 127.0.0.1 at 2012-03-30 13:51:37) [GET]
  Session ID: BAh7BzoMY3NyZl9pZCIlMTM1ZTkxZWM3ZGQ1NGVjNWQ2YWNkMDRkMmY3YTE1%0AYWYiCmZsYXNoSUM6J0FjdGlvbkNvbnRyb2xsZXI6OkZsYXNoOjpGbGFzaEhh%0Ac2h7BjoLbm90aWNlIiRNb3ZpZSB3YXMgc3VjY2Vzc2Z1bGx5IHVwZGF0ZWQu%0ABjoKQHVzZWR7BjsHVA%3D%3D--65929b4e3f827010861079217c6f59ae0cc0d4d0
  Parameters: {"action"=>"show", "id"=>"1", "controller"=>"movies"}
  [4;36;1mMovie Load (0.000000)[0m   [0;1mSELECT * FROM movies WHERE (movies."id" = 1) [0m
Rendering template within layouts/movies
Rendering movies/show
Completed in 0.01600 (62 reqs/sec) | Rendering: 0.01600 (100%) | DB: 0.00000 (0%) | 200 OK [http://127.0.0.1/movies/1]


Processing ApplicationController#index (for 127.0.0.1 at 2012-03-30 13:53:49) [GET]
  Session ID: BAh7BzoMY3NyZl9pZCIlMTM1ZTkxZWM3ZGQ1NGVjNWQ2YWNkMDRkMmY3YTE1%0AYWYiCmZsYXNoSUM6J0FjdGlvbkNvbnRyb2xsZXI6OkZsYXNoOjpGbGFzaEhh%0Ac2h7AAY6CkB1c2VkewA%3D--0ade6b13c505f249d98d147df9da7b0b03e495ca
  Parameters: {}


ActionController::RoutingError (No route matches "/BHT1.jpeg" with {:method=>:get}):
    C:/InstantRails-2.0-win/ruby/lib/ruby/gems/1.8/gems/actionpack-2.0.2/lib/action_controller/routing.rb:1441:in `recognize_path'
    C:/InstantRails-2.0-win/ruby/lib/ruby/gems/1.8/gems/actionpack-2.0.2/lib/action_controller/routing.rb:1424:in `recognize'
    C:/InstantRails-2.0-win/ruby/lib/ruby/gems/1.8/gems/actionpack-2.0.2/lib/action_controller/dispatcher.rb:170:in `handle_request'
    C:/InstantRails-2.0-win/ruby/lib/ruby/gems/1.8/gems/actionpack-2.0.2/lib/action_controller/dispatcher.rb:115:in `dispatch'
    C:/InstantRails-2.0-win/ruby/lib/ruby/gems/1.8/gems/actionpack-2.0.2/lib/action_controller/dispatcher.rb:126:in `dispatch_cgi'
    C:/InstantRails-2.0-win/ruby/lib/ruby/gems/1.8/gems/actionpack-2.0.2/lib/action_controller/dispatcher.rb:9:in `dispatch'
    C:/InstantRails-2.0-win/ruby/lib/ruby/gems/1.8/gems/rails-2.0.2/lib/webrick_server.rb:112:in `handle_dispatch'
    C:/InstantRails-2.0-win/ruby/lib/ruby/gems/1.8/gems/rails-2.0.2/lib/webrick_server.rb:78:in `service'
    C:/InstantRails-2.0-win/ruby/lib/ruby/1.8/webrick/httpserver.rb:104:in `service'
    C:/InstantRails-2.0-win/ruby/lib/ruby/1.8/webrick/httpserver.rb:65:in `run'
    C:/InstantRails-2.0-win/ruby/lib/ruby/1.8/webrick/server.rb:173:in `start_thread'
    C:/InstantRails-2.0-win/ruby/lib/ruby/1.8/webrick/server.rb:162:in `start'
    C:/InstantRails-2.0-win/ruby/lib/ruby/1.8/webrick/server.rb:162:in `start_thread'
    C:/InstantRails-2.0-win/ruby/lib/ruby/1.8/webrick/server.rb:95:in `start'
    C:/InstantRails-2.0-win/ruby/lib/ruby/1.8/webrick/server.rb:92:in `each'
    C:/InstantRails-2.0-win/ruby/lib/ruby/1.8/webrick/server.rb:92:in `start'
    C:/InstantRails-2.0-win/ruby/lib/ruby/1.8/webrick/server.rb:23:in `start'
    C:/InstantRails-2.0-win/ruby/lib/ruby/1.8/webrick/server.rb:82:in `start'
    C:/InstantRails-2.0-win/ruby/lib/ruby/gems/1.8/gems/rails-2.0.2/lib/webrick_server.rb:62:in `dispatch'
    C:/InstantRails-2.0-win/ruby/lib/ruby/gems/1.8/gems/rails-2.0.2/lib/commands/servers/webrick.rb:66
    C:/InstantRails-2.0-win/ruby/lib/ruby/site_ruby/1.8/rubygems/custom_require.rb:27:in `gem_original_require'
    C:/InstantRails-2.0-win/ruby/lib/ruby/site_ruby/1.8/rubygems/custom_require.rb:27:in `require'
    C:/InstantRails-2.0-win/ruby/lib/ruby/gems/1.8/gems/activesupport-2.0.2/lib/active_support/dependencies.rb:496:in `require'
    C:/InstantRails-2.0-win/ruby/lib/ruby/gems/1.8/gems/activesupport-2.0.2/lib/active_support/dependencies.rb:342:in `new_constants_in'
    C:/InstantRails-2.0-win/ruby/lib/ruby/gems/1.8/gems/activesupport-2.0.2/lib/active_support/dependencies.rb:496:in `require'
    C:/InstantRails-2.0-win/ruby/lib/ruby/gems/1.8/gems/rails-2.0.2/lib/commands/server.rb:39
    C:/InstantRails-2.0-win/ruby/lib/ruby/site_ruby/1.8/rubygems/custom_require.rb:27:in `gem_original_require'
    C:/InstantRails-2.0-win/ruby/lib/ruby/site_ruby/1.8/rubygems/custom_require.rb:27:in `require'
    script/server:3

Rendering C:/InstantRails-2.0-win/ruby/lib/ruby/gems/1.8/gems/actionpack-2.0.2/lib/action_controller/templates/rescues/layout.erb (not_found)


Processing ApplicationController#index (for 127.0.0.1 at 2012-03-30 13:53:59) [GET]
  Session ID: BAh7BzoMY3NyZl9pZCIlMTM1ZTkxZWM3ZGQ1NGVjNWQ2YWNkMDRkMmY3YTE1%0AYWYiCmZsYXNoSUM6J0FjdGlvbkNvbnRyb2xsZXI6OkZsYXNoOjpGbGFzaEhh%0Ac2h7AAY6CkB1c2VkewA%3D--0ade6b13c505f249d98d147df9da7b0b03e495ca
  Parameters: {}


ActionController::RoutingError (No route matches "/BHT1.jpg" with {:method=>:get}):
    C:/InstantRails-2.0-win/ruby/lib/ruby/gems/1.8/gems/actionpack-2.0.2/lib/action_controller/routing.rb:1441:in `recognize_path'
    C:/InstantRails-2.0-win/ruby/lib/ruby/gems/1.8/gems/actionpack-2.0.2/lib/action_controller/routing.rb:1424:in `recognize'
    C:/InstantRails-2.0-win/ruby/lib/ruby/gems/1.8/gems/actionpack-2.0.2/lib/action_controller/dispatcher.rb:170:in `handle_request'
    C:/InstantRails-2.0-win/ruby/lib/ruby/gems/1.8/gems/actionpack-2.0.2/lib/action_controller/dispatcher.rb:115:in `dispatch'
    C:/InstantRails-2.0-win/ruby/lib/ruby/gems/1.8/gems/actionpack-2.0.2/lib/action_controller/dispatcher.rb:126:in `dispatch_cgi'
    C:/InstantRails-2.0-win/ruby/lib/ruby/gems/1.8/gems/actionpack-2.0.2/lib/action_controller/dispatcher.rb:9:in `dispatch'
    C:/InstantRails-2.0-win/ruby/lib/ruby/gems/1.8/gems/rails-2.0.2/lib/webrick_server.rb:112:in `handle_dispatch'
    C:/InstantRails-2.0-win/ruby/lib/ruby/gems/1.8/gems/rails-2.0.2/lib/webrick_server.rb:78:in `service'
    C:/InstantRails-2.0-win/ruby/lib/ruby/1.8/webrick/httpserver.rb:104:in `service'
    C:/InstantRails-2.0-win/ruby/lib/ruby/1.8/webrick/httpserver.rb:65:in `run'
    C:/InstantRails-2.0-win/ruby/lib/ruby/1.8/webrick/server.rb:173:in `start_thread'
    C:/InstantRails-2.0-win/ruby/lib/ruby/1.8/webrick/server.rb:162:in `start'
    C:/InstantRails-2.0-win/ruby/lib/ruby/1.8/webrick/server.rb:162:in `start_thread'
    C:/InstantRails-2.0-win/ruby/lib/ruby/1.8/webrick/server.rb:95:in `start'
    C:/InstantRails-2.0-win/ruby/lib/ruby/1.8/webrick/server.rb:92:in `each'
    C:/InstantRails-2.0-win/ruby/lib/ruby/1.8/webrick/server.rb:92:in `start'
    C:/InstantRails-2.0-win/ruby/lib/ruby/1.8/webrick/server.rb:23:in `start'
    C:/InstantRails-2.0-win/ruby/lib/ruby/1.8/webrick/server.rb:82:in `start'
    C:/InstantRails-2.0-win/ruby/lib/ruby/gems/1.8/gems/rails-2.0.2/lib/webrick_server.rb:62:in `dispatch'
    C:/InstantRails-2.0-win/ruby/lib/ruby/gems/1.8/gems/rails-2.0.2/lib/commands/servers/webrick.rb:66
    C:/InstantRails-2.0-win/ruby/lib/ruby/site_ruby/1.8/rubygems/custom_require.rb:27:in `gem_original_require'
    C:/InstantRails-2.0-win/ruby/lib/ruby/site_ruby/1.8/rubygems/custom_require.rb:27:in `require'
    C:/InstantRails-2.0-win/ruby/lib/ruby/gems/1.8/gems/activesupport-2.0.2/lib/active_support/dependencies.rb:496:in `require'
    C:/InstantRails-2.0-win/ruby/lib/ruby/gems/1.8/gems/activesupport-2.0.2/lib/active_support/dependencies.rb:342:in `new_constants_in'
    C:/InstantRails-2.0-win/ruby/lib/ruby/gems/1.8/gems/activesupport-2.0.2/lib/active_support/dependencies.rb:496:in `require'
    C:/InstantRails-2.0-win/ruby/lib/ruby/gems/1.8/gems/rails-2.0.2/lib/commands/server.rb:39
    C:/InstantRails-2.0-win/ruby/lib/ruby/site_ruby/1.8/rubygems/custom_require.rb:27:in `gem_original_require'
    C:/InstantRails-2.0-win/ruby/lib/ruby/site_ruby/1.8/rubygems/custom_require.rb:27:in `require'
    script/server:3

Rendering C:/InstantRails-2.0-win/ruby/lib/ruby/gems/1.8/gems/actionpack-2.0.2/lib/action_controller/templates/rescues/layout.erb (not_found)


Processing ApplicationController#index (for 127.0.0.1 at 2012-03-30 13:54:04) [GET]
  Session ID: BAh7BzoMY3NyZl9pZCIlMTM1ZTkxZWM3ZGQ1NGVjNWQ2YWNkMDRkMmY3YTE1%0AYWYiCmZsYXNoSUM6J0FjdGlvbkNvbnRyb2xsZXI6OkZsYXNoOjpGbGFzaEhh%0Ac2h7AAY6CkB1c2VkewA%3D--0ade6b13c505f249d98d147df9da7b0b03e495ca
  Parameters: {}


ActionController::RoutingError (No route matches "/BHT1" with {:method=>:get}):
    C:/InstantRails-2.0-win/ruby/lib/ruby/gems/1.8/gems/actionpack-2.0.2/lib/action_controller/routing.rb:1441:in `recognize_path'
    C:/InstantRails-2.0-win/ruby/lib/ruby/gems/1.8/gems/actionpack-2.0.2/lib/action_controller/routing.rb:1424:in `recognize'
    C:/InstantRails-2.0-win/ruby/lib/ruby/gems/1.8/gems/actionpack-2.0.2/lib/action_controller/dispatcher.rb:170:in `handle_request'
    C:/InstantRails-2.0-win/ruby/lib/ruby/gems/1.8/gems/actionpack-2.0.2/lib/action_controller/dispatcher.rb:115:in `dispatch'
    C:/InstantRails-2.0-win/ruby/lib/ruby/gems/1.8/gems/actionpack-2.0.2/lib/action_controller/dispatcher.rb:126:in `dispatch_cgi'
    C:/InstantRails-2.0-win/ruby/lib/ruby/gems/1.8/gems/actionpack-2.0.2/lib/action_controller/dispatcher.rb:9:in `dispatch'
    C:/InstantRails-2.0-win/ruby/lib/ruby/gems/1.8/gems/rails-2.0.2/lib/webrick_server.rb:112:in `handle_dispatch'
    C:/InstantRails-2.0-win/ruby/lib/ruby/gems/1.8/gems/rails-2.0.2/lib/webrick_server.rb:78:in `service'
    C:/InstantRails-2.0-win/ruby/lib/ruby/1.8/webrick/httpserver.rb:104:in `service'
    C:/InstantRails-2.0-win/ruby/lib/ruby/1.8/webrick/httpserver.rb:65:in `run'
    C:/InstantRails-2.0-win/ruby/lib/ruby/1.8/webrick/server.rb:173:in `start_thread'
    C:/InstantRails-2.0-win/ruby/lib/ruby/1.8/webrick/server.rb:162:in `start'
    C:/InstantRails-2.0-win/ruby/lib/ruby/1.8/webrick/server.rb:162:in `start_thread'
    C:/InstantRails-2.0-win/ruby/lib/ruby/1.8/webrick/server.rb:95:in `start'
    C:/InstantRails-2.0-win/ruby/lib/ruby/1.8/webrick/server.rb:92:in `each'
    C:/InstantRails-2.0-win/ruby/lib/ruby/1.8/webrick/server.rb:92:in `start'
    C:/InstantRails-2.0-win/ruby/lib/ruby/1.8/webrick/server.rb:23:in `start'
    C:/InstantRails-2.0-win/ruby/lib/ruby/1.8/webrick/server.rb:82:in `start'
    C:/InstantRails-2.0-win/ruby/lib/ruby/gems/1.8/gems/rails-2.0.2/lib/webrick_server.rb:62:in `dispatch'
    C:/InstantRails-2.0-win/ruby/lib/ruby/gems/1.8/gems/rails-2.0.2/lib/commands/servers/webrick.rb:66
    C:/InstantRails-2.0-win/ruby/lib/ruby/site_ruby/1.8/rubygems/custom_require.rb:27:in `gem_original_require'
    C:/InstantRails-2.0-win/ruby/lib/ruby/site_ruby/1.8/rubygems/custom_require.rb:27:in `require'
    C:/InstantRails-2.0-win/ruby/lib/ruby/gems/1.8/gems/activesupport-2.0.2/lib/active_support/dependencies.rb:496:in `require'
    C:/InstantRails-2.0-win/ruby/lib/ruby/gems/1.8/gems/activesupport-2.0.2/lib/active_support/dependencies.rb:342:in `new_constants_in'
    C:/InstantRails-2.0-win/ruby/lib/ruby/gems/1.8/gems/activesupport-2.0.2/lib/active_support/dependencies.rb:496:in `require'
    C:/InstantRails-2.0-win/ruby/lib/ruby/gems/1.8/gems/rails-2.0.2/lib/commands/server.rb:39
    C:/InstantRails-2.0-win/ruby/lib/ruby/site_ruby/1.8/rubygems/custom_require.rb:27:in `gem_original_require'
    C:/InstantRails-2.0-win/ruby/lib/ruby/site_ruby/1.8/rubygems/custom_require.rb:27:in `require'
    script/server:3

Rendering C:/InstantRails-2.0-win/ruby/lib/ruby/gems/1.8/gems/actionpack-2.0.2/lib/action_controller/templates/rescues/layout.erb (not_found)


Processing ApplicationController#index (for 127.0.0.1 at 2012-03-30 13:54:16) [GET]
  Session ID: BAh7BzoMY3NyZl9pZCIlMTM1ZTkxZWM3ZGQ1NGVjNWQ2YWNkMDRkMmY3YTE1%0AYWYiCmZsYXNoSUM6J0FjdGlvbkNvbnRyb2xsZXI6OkZsYXNoOjpGbGFzaEhh%0Ac2h7AAY6CkB1c2VkewA%3D--0ade6b13c505f249d98d147df9da7b0b03e495ca
  Parameters: {}


ActionController::RoutingError (No route matches "/images/BHT1" with {:method=>:get}):
    C:/InstantRails-2.0-win/ruby/lib/ruby/gems/1.8/gems/actionpack-2.0.2/lib/action_controller/routing.rb:1441:in `recognize_path'
    C:/InstantRails-2.0-win/ruby/lib/ruby/gems/1.8/gems/actionpack-2.0.2/lib/action_controller/routing.rb:1424:in `recognize'
    C:/InstantRails-2.0-win/ruby/lib/ruby/gems/1.8/gems/actionpack-2.0.2/lib/action_controller/dispatcher.rb:170:in `handle_request'
    C:/InstantRails-2.0-win/ruby/lib/ruby/gems/1.8/gems/actionpack-2.0.2/lib/action_controller/dispatcher.rb:115:in `dispatch'
    C:/InstantRails-2.0-win/ruby/lib/ruby/gems/1.8/gems/actionpack-2.0.2/lib/action_controller/dispatcher.rb:126:in `dispatch_cgi'
    C:/InstantRails-2.0-win/ruby/lib/ruby/gems/1.8/gems/actionpack-2.0.2/lib/action_controller/dispatcher.rb:9:in `dispatch'
    C:/InstantRails-2.0-win/ruby/lib/ruby/gems/1.8/gems/rails-2.0.2/lib/webrick_server.rb:112:in `handle_dispatch'
    C:/InstantRails-2.0-win/ruby/lib/ruby/gems/1.8/gems/rails-2.0.2/lib/webrick_server.rb:78:in `service'
    C:/InstantRails-2.0-win/ruby/lib/ruby/1.8/webrick/httpserver.rb:104:in `service'
    C:/InstantRails-2.0-win/ruby/lib/ruby/1.8/webrick/httpserver.rb:65:in `run'
    C:/InstantRails-2.0-win/ruby/lib/ruby/1.8/webrick/server.rb:173:in `start_thread'
    C:/InstantRails-2.0-win/ruby/lib/ruby/1.8/webrick/server.rb:162:in `start'
    C:/InstantRails-2.0-win/ruby/lib/ruby/1.8/webrick/server.rb:162:in `start_thread'
    C:/InstantRails-2.0-win/ruby/lib/ruby/1.8/webrick/server.rb:95:in `start'
    C:/InstantRails-2.0-win/ruby/lib/ruby/1.8/webrick/server.rb:92:in `each'
    C:/InstantRails-2.0-win/ruby/lib/ruby/1.8/webrick/server.rb:92:in `start'
    C:/InstantRails-2.0-win/ruby/lib/ruby/1.8/webrick/server.rb:23:in `start'
    C:/InstantRails-2.0-win/ruby/lib/ruby/1.8/webrick/server.rb:82:in `start'
    C:/InstantRails-2.0-win/ruby/lib/ruby/gems/1.8/gems/rails-2.0.2/lib/webrick_server.rb:62:in `dispatch'
    C:/InstantRails-2.0-win/ruby/lib/ruby/gems/1.8/gems/rails-2.0.2/lib/commands/servers/webrick.rb:66
    C:/InstantRails-2.0-win/ruby/lib/ruby/site_ruby/1.8/rubygems/custom_require.rb:27:in `gem_original_require'
    C:/InstantRails-2.0-win/ruby/lib/ruby/site_ruby/1.8/rubygems/custom_require.rb:27:in `require'
    C:/InstantRails-2.0-win/ruby/lib/ruby/gems/1.8/gems/activesupport-2.0.2/lib/active_support/dependencies.rb:496:in `require'
    C:/InstantRails-2.0-win/ruby/lib/ruby/gems/1.8/gems/activesupport-2.0.2/lib/active_support/dependencies.rb:342:in `new_constants_in'
    C:/InstantRails-2.0-win/ruby/lib/ruby/gems/1.8/gems/activesupport-2.0.2/lib/active_support/dependencies.rb:496:in `require'
    C:/InstantRails-2.0-win/ruby/lib/ruby/gems/1.8/gems/rails-2.0.2/lib/commands/server.rb:39
    C:/InstantRails-2.0-win/ruby/lib/ruby/site_ruby/1.8/rubygems/custom_require.rb:27:in `gem_original_require'
    C:/InstantRails-2.0-win/ruby/lib/ruby/site_ruby/1.8/rubygems/custom_require.rb:27:in `require'
    script/server:3

Rendering C:/InstantRails-2.0-win/ruby/lib/ruby/gems/1.8/gems/actionpack-2.0.2/lib/action_controller/templates/rescues/layout.erb (not_found)


Processing ApplicationController#index (for 127.0.0.1 at 2012-03-30 13:54:55) [GET]
  Session ID: BAh7BzoMY3NyZl9pZCIlMTM1ZTkxZWM3ZGQ1NGVjNWQ2YWNkMDRkMmY3YTE1%0AYWYiCmZsYXNoSUM6J0FjdGlvbkNvbnRyb2xsZXI6OkZsYXNoOjpGbGFzaEhh%0Ac2h7AAY6CkB1c2VkewA%3D--0ade6b13c505f249d98d147df9da7b0b03e495ca
  Parameters: {}


ActionController::RoutingError (No route matches "/BHT1.jpeg" with {:method=>:get}):
    C:/InstantRails-2.0-win/ruby/lib/ruby/gems/1.8/gems/actionpack-2.0.2/lib/action_controller/routing.rb:1441:in `recognize_path'
    C:/InstantRails-2.0-win/ruby/lib/ruby/gems/1.8/gems/actionpack-2.0.2/lib/action_controller/routing.rb:1424:in `recognize'
    C:/InstantRails-2.0-win/ruby/lib/ruby/gems/1.8/gems/actionpack-2.0.2/lib/action_controller/dispatcher.rb:170:in `handle_request'
    C:/InstantRails-2.0-win/ruby/lib/ruby/gems/1.8/gems/actionpack-2.0.2/lib/action_controller/dispatcher.rb:115:in `dispatch'
    C:/InstantRails-2.0-win/ruby/lib/ruby/gems/1.8/gems/actionpack-2.0.2/lib/action_controller/dispatcher.rb:126:in `dispatch_cgi'
    C:/InstantRails-2.0-win/ruby/lib/ruby/gems/1.8/gems/actionpack-2.0.2/lib/action_controller/dispatcher.rb:9:in `dispatch'
    C:/InstantRails-2.0-win/ruby/lib/ruby/gems/1.8/gems/rails-2.0.2/lib/webrick_server.rb:112:in `handle_dispatch'
    C:/InstantRails-2.0-win/ruby/lib/ruby/gems/1.8/gems/rails-2.0.2/lib/webrick_server.rb:78:in `service'
    C:/InstantRails-2.0-win/ruby/lib/ruby/1.8/webrick/httpserver.rb:104:in `service'
    C:/InstantRails-2.0-win/ruby/lib/ruby/1.8/webrick/httpserver.rb:65:in `run'
    C:/InstantRails-2.0-win/ruby/lib/ruby/1.8/webrick/server.rb:173:in `start_thread'
    C:/InstantRails-2.0-win/ruby/lib/ruby/1.8/webrick/server.rb:162:in `start'
    C:/InstantRails-2.0-win/ruby/lib/ruby/1.8/webrick/server.rb:162:in `start_thread'
    C:/InstantRails-2.0-win/ruby/lib/ruby/1.8/webrick/server.rb:95:in `start'
    C:/InstantRails-2.0-win/ruby/lib/ruby/1.8/webrick/server.rb:92:in `each'
    C:/InstantRails-2.0-win/ruby/lib/ruby/1.8/webrick/server.rb:92:in `start'
    C:/InstantRails-2.0-win/ruby/lib/ruby/1.8/webrick/server.rb:23:in `start'
    C:/InstantRails-2.0-win/ruby/lib/ruby/1.8/webrick/server.rb:82:in `start'
    C:/InstantRails-2.0-win/ruby/lib/ruby/gems/1.8/gems/rails-2.0.2/lib/webrick_server.rb:62:in `dispatch'
    C:/InstantRails-2.0-win/ruby/lib/ruby/gems/1.8/gems/rails-2.0.2/lib/commands/servers/webrick.rb:66
    C:/InstantRails-2.0-win/ruby/lib/ruby/site_ruby/1.8/rubygems/custom_require.rb:27:in `gem_original_require'
    C:/InstantRails-2.0-win/ruby/lib/ruby/site_ruby/1.8/rubygems/custom_require.rb:27:in `require'
    C:/InstantRails-2.0-win/ruby/lib/ruby/gems/1.8/gems/activesupport-2.0.2/lib/active_support/dependencies.rb:496:in `require'
    C:/InstantRails-2.0-win/ruby/lib/ruby/gems/1.8/gems/activesupport-2.0.2/lib/active_support/dependencies.rb:342:in `new_constants_in'
    C:/InstantRails-2.0-win/ruby/lib/ruby/gems/1.8/gems/activesupport-2.0.2/lib/active_support/dependencies.rb:496:in `require'
    C:/InstantRails-2.0-win/ruby/lib/ruby/gems/1.8/gems/rails-2.0.2/lib/commands/server.rb:39
    C:/InstantRails-2.0-win/ruby/lib/ruby/site_ruby/1.8/rubygems/custom_require.rb:27:in `gem_original_require'
    C:/InstantRails-2.0-win/ruby/lib/ruby/site_ruby/1.8/rubygems/custom_require.rb:27:in `require'
    script/server:3

Rendering C:/InstantRails-2.0-win/ruby/lib/ruby/gems/1.8/gems/actionpack-2.0.2/lib/action_controller/templates/rescues/layout.erb (not_found)


Processing MoviesController#show (for 127.0.0.1 at 2012-03-30 13:54:56) [GET]
  Session ID: BAh7BzoMY3NyZl9pZCIlMTM1ZTkxZWM3ZGQ1NGVjNWQ2YWNkMDRkMmY3YTE1%0AYWYiCmZsYXNoSUM6J0FjdGlvbkNvbnRyb2xsZXI6OkZsYXNoOjpGbGFzaEhh%0Ac2h7AAY6CkB1c2VkewA%3D--0ade6b13c505f249d98d147df9da7b0b03e495ca
  Parameters: {"action"=>"show", "id"=>"1", "controller"=>"movies"}
  [4;35;1mMovie Load (0.000000)[0m   [0mSELECT * FROM movies WHERE (movies."id" = 1) [0m
Rendering template within layouts/movies
Rendering movies/show
Completed in 0.01500 (66 reqs/sec) | Rendering: 0.00000 (0%) | DB: 0.00000 (0%) | 200 OK [http://127.0.0.1/movies/1]


Processing MoviesController#edit (for 127.0.0.1 at 2012-03-30 13:55:00) [GET]
  Session ID: BAh7BzoMY3NyZl9pZCIlMTM1ZTkxZWM3ZGQ1NGVjNWQ2YWNkMDRkMmY3YTE1%0AYWYiCmZsYXNoSUM6J0FjdGlvbkNvbnRyb2xsZXI6OkZsYXNoOjpGbGFzaEhh%0Ac2h7AAY6CkB1c2VkewA%3D--0ade6b13c505f249d98d147df9da7b0b03e495ca
  Parameters: {"action"=>"edit", "id"=>"1", "controller"=>"movies"}
  [4;36;1mMovie Load (0.000000)[0m   [0;1mSELECT * FROM movies WHERE (movies."id" = 1) [0m
Rendering template within layouts/movies
Rendering movies/edit
Completed in 0.00010 (10000 reqs/sec) | Rendering: 0.00000 (0%) | DB: 0.00000 (0%) | 200 OK [http://127.0.0.1/movies/1/edit]


Processing MoviesController#update (for 127.0.0.1 at 2012-03-30 13:55:09) [PUT]
  Session ID: BAh7BzoMY3NyZl9pZCIlMTM1ZTkxZWM3ZGQ1NGVjNWQ2YWNkMDRkMmY3YTE1%0AYWYiCmZsYXNoSUM6J0FjdGlvbkNvbnRyb2xsZXI6OkZsYXNoOjpGbGFzaEhh%0Ac2h7AAY6CkB1c2VkewA%3D--0ade6b13c505f249d98d147df9da7b0b03e495ca
  Parameters: {"commit"=>"Update", "authenticity_token"=>"eb8757d082f9705f6b059cf713e427ec395a6fc8", "_method"=>"put", "action"=>"update", "movie"=>{"one_sheet_url"=>"/images/BHT1.jpg", "title"=>"Bubba Betep", "description"=>"Made in africa"}, "id"=>"1", "controller"=>"movies"}
  [4;35;1mMovie Load (0.015000)[0m   [0mSELECT * FROM movies WHERE (movies."id" = 1) [0m
  [4;36;1mMovie Update (0.000000)[0m   [0;1mUPDATE movies SET "created_at" = '2012-03-30 11:37:12', "one_sheet_url" = '/images/BHT1.jpg', "title" = 'Bubba Betep', "description" = 'Made in africa', "updated_at" = '2012-03-30 13:55:09' WHERE "id" = 1[0m
Redirected to http://127.0.0.1:3000/movies/1
Completed in 0.01500 (66 reqs/sec) | DB: 0.01500 (100%) | 302 Found [http://127.0.0.1/movies/1]


Processing MoviesController#show (for 127.0.0.1 at 2012-03-30 13:55:10) [GET]
  Session ID: BAh7BzoMY3NyZl9pZCIlMTM1ZTkxZWM3ZGQ1NGVjNWQ2YWNkMDRkMmY3YTE1%0AYWYiCmZsYXNoSUM6J0FjdGlvbkNvbnRyb2xsZXI6OkZsYXNoOjpGbGFzaEhh%0Ac2h7BjoLbm90aWNlIiRNb3ZpZSB3YXMgc3VjY2Vzc2Z1bGx5IHVwZGF0ZWQu%0ABjoKQHVzZWR7BjsHVA%3D%3D--65929b4e3f827010861079217c6f59ae0cc0d4d0
  Parameters: {"action"=>"show", "id"=>"1", "controller"=>"movies"}
  [4;35;1mMovie Load (0.000000)[0m   [0mSELECT * FROM movies WHERE (movies."id" = 1) [0m
Rendering template within layouts/movies
Rendering movies/show
Completed in 0.01500 (66 reqs/sec) | Rendering: 0.00000 (0%) | DB: 0.00000 (0%) | 200 OK [http://127.0.0.1/movies/1]


Processing MoviesController#index (for 127.0.0.1 at 2012-03-30 13:55:35) [GET]
  Session ID: BAh7BzoMY3NyZl9pZCIlMTM1ZTkxZWM3ZGQ1NGVjNWQ2YWNkMDRkMmY3YTE1%0AYWYiCmZsYXNoSUM6J0FjdGlvbkNvbnRyb2xsZXI6OkZsYXNoOjpGbGFzaEhh%0Ac2h7AAY6CkB1c2VkewA%3D--0ade6b13c505f249d98d147df9da7b0b03e495ca
  Parameters: {"action"=>"index", "controller"=>"movies"}
  [4;36;1mMovie Load (0.000000)[0m   [0;1mSELECT * FROM movies [0m
Rendering template within layouts/movies
Rendering movies/index
Completed in 0.00010 (10000 reqs/sec) | Rendering: 0.00000 (0%) | DB: 0.00000 (0%) | 200 OK [http://127.0.0.1/movies/]


Processing MoviesController#index (for 127.0.0.1 at 2012-03-30 13:57:05) [GET]
  Session ID: BAh7BzoMY3NyZl9pZCIlMTM1ZTkxZWM3ZGQ1NGVjNWQ2YWNkMDRkMmY3YTE1%0AYWYiCmZsYXNoSUM6J0FjdGlvbkNvbnRyb2xsZXI6OkZsYXNoOjpGbGFzaEhh%0Ac2h7AAY6CkB1c2VkewA%3D--0ade6b13c505f249d98d147df9da7b0b03e495ca
  Parameters: {"action"=>"index", "controller"=>"movies"}
  [4;35;1mMovie Load (0.000000)[0m   [0mSELECT * FROM movies [0m
Rendering template within layouts/movies
Rendering movies/index
Completed in 0.01500 (66 reqs/sec) | Rendering: 0.00000 (0%) | DB: 0.00000 (0%) | 200 OK [http://127.0.0.1/movies/]


Processing MoviesController#edit (for 127.0.0.1 at 2012-03-30 13:57:13) [GET]
  Session ID: BAh7BzoMY3NyZl9pZCIlMTM1ZTkxZWM3ZGQ1NGVjNWQ2YWNkMDRkMmY3YTE1%0AYWYiCmZsYXNoSUM6J0FjdGlvbkNvbnRyb2xsZXI6OkZsYXNoOjpGbGFzaEhh%0Ac2h7AAY6CkB1c2VkewA%3D--0ade6b13c505f249d98d147df9da7b0b03e495ca
  Parameters: {"action"=>"edit", "id"=>"1", "controller"=>"movies"}
  [4;36;1mMovie Load (0.000000)[0m   [0;1mSELECT * FROM movies WHERE (movies."id" = 1) [0m
Rendering template within layouts/movies
Rendering movies/edit
Completed in 0.01500 (66 reqs/sec) | Rendering: 0.00000 (0%) | DB: 0.00000 (0%) | 200 OK [http://127.0.0.1/movies/1/edit]


Processing MoviesController#update (for 127.0.0.1 at 2012-03-30 13:58:56) [PUT]
  Session ID: BAh7BzoMY3NyZl9pZCIlMTM1ZTkxZWM3ZGQ1NGVjNWQ2YWNkMDRkMmY3YTE1%0AYWYiCmZsYXNoSUM6J0FjdGlvbkNvbnRyb2xsZXI6OkZsYXNoOjpGbGFzaEhh%0Ac2h7AAY6CkB1c2VkewA%3D--0ade6b13c505f249d98d147df9da7b0b03e495ca
  Parameters: {"commit"=>"Update", "authenticity_token"=>"eb8757d082f9705f6b059cf713e427ec395a6fc8", "_method"=>"put", "action"=>"update", "movie"=>{"one_sheet_url"=>"/images/BHT1.jpg", "title"=>"Bubba Betep", "description"=>"Made in india africa and newmexico.the producer is the producer of lost\r\n"}, "id"=>"1", "controller"=>"movies"}
  [4;35;1mMovie Load (0.000000)[0m   [0mSELECT * FROM movies WHERE (movies."id" = 1) [0m
  [4;36;1mMovie Update (0.000000)[0m   [0;1mUPDATE movies SET "created_at" = '2012-03-30 11:37:12', "one_sheet_url" = '/images/BHT1.jpg', "title" = 'Bubba Betep', "description" = 'Made in india africa and newmexico.the producer is the producer of lost
', "updated_at" = '2012-03-30 13:58:56' WHERE "id" = 1[0m
Redirected to http://127.0.0.1:3000/movies/1
Completed in 0.00010 (10000 reqs/sec) | DB: 0.00000 (0%) | 302 Found [http://127.0.0.1/movies/1]


Processing MoviesController#show (for 127.0.0.1 at 2012-03-30 13:58:56) [GET]
  Session ID: BAh7BzoMY3NyZl9pZCIlMTM1ZTkxZWM3ZGQ1NGVjNWQ2YWNkMDRkMmY3YTE1%0AYWYiCmZsYXNoSUM6J0FjdGlvbkNvbnRyb2xsZXI6OkZsYXNoOjpGbGFzaEhh%0Ac2h7BjoLbm90aWNlIiRNb3ZpZSB3YXMgc3VjY2Vzc2Z1bGx5IHVwZGF0ZWQu%0ABjoKQHVzZWR7BjsHVA%3D%3D--65929b4e3f827010861079217c6f59ae0cc0d4d0
  Parameters: {"action"=>"show", "id"=>"1", "controller"=>"movies"}
  [4;35;1mMovie Load (0.000000)[0m   [0mSELECT * FROM movies WHERE (movies."id" = 1) [0m
Rendering template within layouts/movies
Rendering movies/show
Completed in 0.03100 (32 reqs/sec) | Rendering: 0.00000 (0%) | DB: 0.00000 (0%) | 200 OK [http://127.0.0.1/movies/1]


Processing MoviesController#index (for 127.0.0.1 at 2012-03-30 13:59:03) [GET]
  Session ID: BAh7BzoMY3NyZl9pZCIlMTM1ZTkxZWM3ZGQ1NGVjNWQ2YWNkMDRkMmY3YTE1%0AYWYiCmZsYXNoSUM6J0FjdGlvbkNvbnRyb2xsZXI6OkZsYXNoOjpGbGFzaEhh%0Ac2h7AAY6CkB1c2VkewA%3D--0ade6b13c505f249d98d147df9da7b0b03e495ca
  Parameters: {"action"=>"index", "controller"=>"movies"}
  [4;36;1mMovie Load (0.000000)[0m   [0;1mSELECT * FROM movies [0m
Rendering template within layouts/movies
Rendering movies/index
Completed in 0.01600 (62 reqs/sec) | Rendering: 0.00000 (0%) | DB: 0.00000 (0%) | 200 OK [http://127.0.0.1/movies/]
